{
  "stats": {
    "suites": 1,
    "tests": 4,
    "passes": 3,
    "pending": 0,
    "failures": 1,
    "start": "2021-05-02T15:42:44.915Z",
    "end": "2021-05-02T15:43:34.761Z",
    "duration": 49846,
    "testsRegistered": 4,
    "passPercent": 75,
    "pendingPercent": 0,
    "other": 0,
    "hasOther": false,
    "skipped": 0,
    "hasSkipped": false
  },
  "results": [
    {
      "uuid": "6f74bfb9-e576-498e-b9d1-36e577540826",
      "title": "",
      "fullFile": "cypress/integration/test_spec.ts",
      "file": "cypress/integration/test_spec.ts",
      "beforeHooks": [],
      "afterHooks": [],
      "tests": [],
      "suites": [
        {
          "uuid": "56e6235b-b3d9-4c04-a7a0-aeb29a3112a3",
          "title": "Actions",
          "fullFile": "",
          "file": "",
          "beforeHooks": [],
          "afterHooks": [],
          "tests": [
            {
              "title": "Check the total displayed number of results for category Smart Home | Televisions",
              "fullTitle": "Actions Check the total displayed number of results for category Smart Home | Televisions",
              "timedOut": null,
              "duration": 13163,
              "state": "passed",
              "speed": "slow",
              "pass": true,
              "fail": false,
              "pending": false,
              "context": null,
              "code": "cy.get(\"#nav-hamburger-menu\").click();\ncy.wait(2000);\ncy.get('#hmenu-content > ul.hmenu.hmenu-visible > li:nth-child(9)').click();\ncy.get(\".hmenu-visible > :nth-child(11) > .hmenu-item\").click({ force: true });\ncy.get('[alt=\"Smart Televisions\"]').click({ force: true });\ncy.get('.a-span4').its('length').then(function (number) {\n    cy.get(\".a-box-inner > .a-color-base\").should('contain', number);\n});",
              "err": {},
              "uuid": "ea702817-bab0-42fb-98dd-8a8beee91d2f",
              "parentUUID": "56e6235b-b3d9-4c04-a7a0-aeb29a3112a3",
              "isHook": false,
              "skipped": false
            },
            {
              "title": "Check filter by department in Deals and Promotions page",
              "fullTitle": "Actions Check filter by department in Deals and Promotions page",
              "timedOut": null,
              "duration": 11303,
              "state": "failed",
              "speed": null,
              "pass": false,
              "fail": true,
              "pending": false,
              "context": null,
              "code": "cy.contains(\"Today's Deals\").click();\ncy.get(\".a-expander-extend-header\").click();\ncy.xpath('//span[contains(text(),\"Software\")]').click();\ncy.get(\".summary > .a-text-bold\").invoke('text').then(function (text) {\n    expect(text.trim()).equal('Software');\n});",
              "err": {
                "message": "AssertionError: Timed out retrying after 4000ms: Expected to find element: `//span[contains(text(),\"Software\")]`, but never found it.",
                "estack": "AssertionError: Timed out retrying after 4000ms: Expected to find element: `//span[contains(text(),\"Software\")]`, but never found it.\n    at Context.eval (https://www.amazon.com/__cypress/tests?p=cypress/integration/test_spec.ts:116:12)",
                "diff": null
              },
              "uuid": "18093254-f3c1-48b1-8276-30eec76eb7ae",
              "parentUUID": "56e6235b-b3d9-4c04-a7a0-aeb29a3112a3",
              "isHook": false,
              "skipped": false
            },
            {
              "title": "Check the selected currency displayed for the products",
              "fullTitle": "Actions Check the selected currency displayed for the products",
              "timedOut": null,
              "duration": 11420,
              "state": "passed",
              "speed": "slow",
              "pass": true,
              "fail": false,
              "pending": false,
              "context": null,
              "code": "cy.get(\".icp-nav-link-inner > .nav-line-2\").click();\ncy.get(\"#a-autoid-0-announce\").click();\ncy.get(\"#icp-sc-dropdown_2\").click();\ncy.get(\"#icp-btn-save\").click();\ncy.get(\"#twotabsearchtextbox\").type(\"television\").type('{enter}');\ncy.get('.a-price-symbol').first().should('have.text', 'AED');",
              "err": {},
              "uuid": "40f38402-e269-43da-a653-a5465eb8a499",
              "parentUUID": "56e6235b-b3d9-4c04-a7a0-aeb29a3112a3",
              "isHook": false,
              "skipped": false
            },
            {
              "title": "Check Product Details Page",
              "fullTitle": "Actions Check Product Details Page",
              "timedOut": null,
              "duration": 11424,
              "state": "passed",
              "speed": "slow",
              "pass": true,
              "fail": false,
              "pending": false,
              "context": null,
              "code": "cy.get('#twotabsearchtextbox').click().get('#searchDropdownBox').select('Electronics', { force: true });\ncy.get('#twotabsearchtextbox').type(\"Apple\").type('{enter}');\ncy.get('.a-price-whole').first().click();\ncy.get('.tabular-buybox-text').first().should('have.text', 'Amazon');\ncy.xpath(\"//*[@id='availability']/span\").invoke('text').then(function (text) {\n    if (text.trim() === \"In Stock.\") {\n        cy.get('#price_inside_buybox').invoke('text').as(\"cart\").then(function (cart) {\n            cy.get('#add-to-cart-button').click();\n            cy.get(\".huc-subtotal > .a-text-bold\").first().should('have.text', cart.trim());\n        });\n    }\n    else {\n        cy.log(\"**ADD TO CART button not available**\");\n    }\n});",
              "err": {},
              "uuid": "f359d946-c845-4c7c-a464-16a4e18a0389",
              "parentUUID": "56e6235b-b3d9-4c04-a7a0-aeb29a3112a3",
              "isHook": false,
              "skipped": false
            }
          ],
          "suites": [],
          "passes": [
            "ea702817-bab0-42fb-98dd-8a8beee91d2f",
            "40f38402-e269-43da-a653-a5465eb8a499",
            "f359d946-c845-4c7c-a464-16a4e18a0389"
          ],
          "failures": [
            "18093254-f3c1-48b1-8276-30eec76eb7ae"
          ],
          "pending": [],
          "skipped": [],
          "duration": 47310,
          "root": false,
          "rootEmpty": false,
          "_timeout": 2000
        }
      ],
      "passes": [],
      "failures": [],
      "pending": [],
      "skipped": [],
      "duration": 0,
      "root": true,
      "rootEmpty": true,
      "_timeout": 2000
    }
  ],
  "meta": {
    "mocha": {
      "version": "7.0.1"
    },
    "mochawesome": {
      "options": {
        "quiet": false,
        "reportFilename": "mochawesome",
        "saveHtml": false,
        "saveJson": true,
        "consoleReporter": "spec",
        "useInlineDiffs": false,
        "code": true
      },
      "version": "6.2.2"
    },
    "marge": {
      "options": {
        "overwrite": false,
        "html": false,
        "json": true
      },
      "version": "5.2.0"
    }
  }
}